2024-12-22 08:09:23 DEBUG TestNG:82 - suiteXmlPath: "C:\Users\SDDVIVE\eclipse-workspace\OpenCartV1.2HybridAutomationFramework\grouping.xml"
2024-12-22 08:09:24 INFO  Utils:112 - [TestNG] Running:
  C:\Users\SDDVIVE\eclipse-workspace\OpenCartV1.2HybridAutomationFramework\grouping.xml

2024-12-22 08:09:28 INFO  TC001_AccountRegTest:24 - *******Staring TC001_AccountRegTest***********
2024-12-22 08:09:29 INFO  TC001_AccountRegTest:30 - clicked on my account
2024-12-22 08:09:29 INFO  TC001_AccountRegTest:32 - clicked on register
2024-12-22 08:09:29 INFO  TC001_AccountRegTest:35 - providing customer details
2024-12-22 08:09:30 INFO  TC001_AccountRegTest:47 - validating expected msg
2024-12-22 08:09:30 INFO  TC001_AccountRegTest:60 - *******Finished TC001_AccountRegTest***********
2024-12-22 08:09:33 INFO  TC002_LoginTest:18 - ****** Startign TC_002_LoginTest *****
2024-12-22 08:09:35 INFO  TC002_LoginTest:43 - ****** Finished TC_002_LoginTest *****
2024-12-22 09:01:03 DEBUG TestNG:82 - suiteXmlPath: "C:\Users\SDDVIVE\eclipse-workspace\OpenCartV1.2HybridAutomationFramework\grouping.xml"
2024-12-22 09:01:03 INFO  Utils:112 - [TestNG] Running:
  C:\Users\SDDVIVE\eclipse-workspace\OpenCartV1.2HybridAutomationFramework\grouping.xml

2024-12-22 09:01:07 INFO  TC001_AccountRegTest:24 - *******Staring TC001_AccountRegTest***********
2024-12-22 09:01:08 INFO  TC001_AccountRegTest:30 - clicked on my account
2024-12-22 09:01:08 INFO  TC001_AccountRegTest:32 - clicked on register
2024-12-22 09:01:08 INFO  TC001_AccountRegTest:35 - providing customer details
2024-12-22 09:01:10 INFO  TC001_AccountRegTest:47 - validating expected msg
2024-12-22 09:01:10 INFO  TC001_AccountRegTest:60 - *******Finished TC001_AccountRegTest***********
2024-12-22 09:01:14 INFO  TC002_LoginTest:18 - ****** Startign TC_002_LoginTest *****
2024-12-22 09:01:16 INFO  TC002_LoginTest:43 - ****** Finished TC_002_LoginTest *****
2024-12-22 09:01:38 DEBUG TestNG:82 - suiteXmlPath: "C:\Users\SDDVIVE\eclipse-workspace\OpenCartV1.2HybridAutomationFramework\master.xml"
2024-12-22 09:01:39 INFO  Utils:112 - [TestNG] Running:
  C:\Users\SDDVIVE\eclipse-workspace\OpenCartV1.2HybridAutomationFramework\master.xml

2024-12-22 09:01:43 DEBUG PackageRelationshipCollection:307 - Parsing relationship: /xl/_rels/workbook.xml.rels
2024-12-22 09:01:43 DEBUG PackageRelationshipCollection:307 - Parsing relationship: /xl/worksheets/_rels/sheet1.xml.rels
2024-12-22 09:01:43 DEBUG PackageRelationshipCollection:307 - Parsing relationship: /_rels/.rels
2024-12-22 09:01:44 DEBUG POIXMLFactory:65 - using default POIXMLDocumentPart for http://schemas.openxmlformats.org/officeDocument/2006/relationships/printerSettings
2024-12-22 09:01:44 DEBUG PackageRelationshipCollection:307 - Parsing relationship: /xl/_rels/workbook.xml.rels
2024-12-22 09:01:44 DEBUG PackageRelationshipCollection:307 - Parsing relationship: /xl/worksheets/_rels/sheet1.xml.rels
2024-12-22 09:01:44 DEBUG PackageRelationshipCollection:307 - Parsing relationship: /_rels/.rels
2024-12-22 09:01:44 DEBUG POIXMLFactory:65 - using default POIXMLDocumentPart for http://schemas.openxmlformats.org/officeDocument/2006/relationships/printerSettings
2024-12-22 09:01:44 DEBUG PackageRelationshipCollection:307 - Parsing relationship: /xl/_rels/workbook.xml.rels
2024-12-22 09:01:44 DEBUG PackageRelationshipCollection:307 - Parsing relationship: /xl/worksheets/_rels/sheet1.xml.rels
2024-12-22 09:01:44 DEBUG PackageRelationshipCollection:307 - Parsing relationship: /_rels/.rels
2024-12-22 09:01:44 DEBUG POIXMLFactory:65 - using default POIXMLDocumentPart for http://schemas.openxmlformats.org/officeDocument/2006/relationships/printerSettings
2024-12-22 09:01:44 DEBUG PackageRelationshipCollection:307 - Parsing relationship: /xl/_rels/workbook.xml.rels
2024-12-22 09:01:44 DEBUG PackageRelationshipCollection:307 - Parsing relationship: /xl/worksheets/_rels/sheet1.xml.rels
2024-12-22 09:01:44 DEBUG PackageRelationshipCollection:307 - Parsing relationship: /_rels/.rels
2024-12-22 09:01:44 DEBUG POIXMLFactory:65 - using default POIXMLDocumentPart for http://schemas.openxmlformats.org/officeDocument/2006/relationships/printerSettings
2024-12-22 09:01:44 DEBUG PackageRelationshipCollection:307 - Parsing relationship: /xl/_rels/workbook.xml.rels
2024-12-22 09:01:44 DEBUG PackageRelationshipCollection:307 - Parsing relationship: /xl/worksheets/_rels/sheet1.xml.rels
2024-12-22 09:01:44 DEBUG PackageRelationshipCollection:307 - Parsing relationship: /_rels/.rels
2024-12-22 09:01:44 DEBUG POIXMLFactory:65 - using default POIXMLDocumentPart for http://schemas.openxmlformats.org/officeDocument/2006/relationships/printerSettings
2024-12-22 09:01:44 DEBUG PackageRelationshipCollection:307 - Parsing relationship: /xl/_rels/workbook.xml.rels
2024-12-22 09:01:44 DEBUG PackageRelationshipCollection:307 - Parsing relationship: /xl/worksheets/_rels/sheet1.xml.rels
2024-12-22 09:01:44 DEBUG PackageRelationshipCollection:307 - Parsing relationship: /_rels/.rels
2024-12-22 09:01:44 DEBUG POIXMLFactory:65 - using default POIXMLDocumentPart for http://schemas.openxmlformats.org/officeDocument/2006/relationships/printerSettings
2024-12-22 09:01:44 DEBUG PackageRelationshipCollection:307 - Parsing relationship: /xl/_rels/workbook.xml.rels
2024-12-22 09:01:44 DEBUG PackageRelationshipCollection:307 - Parsing relationship: /xl/worksheets/_rels/sheet1.xml.rels
2024-12-22 09:01:44 DEBUG PackageRelationshipCollection:307 - Parsing relationship: /_rels/.rels
2024-12-22 09:01:44 DEBUG POIXMLFactory:65 - using default POIXMLDocumentPart for http://schemas.openxmlformats.org/officeDocument/2006/relationships/printerSettings
2024-12-22 09:01:44 DEBUG PackageRelationshipCollection:307 - Parsing relationship: /xl/_rels/workbook.xml.rels
2024-12-22 09:01:44 DEBUG PackageRelationshipCollection:307 - Parsing relationship: /xl/worksheets/_rels/sheet1.xml.rels
2024-12-22 09:01:44 DEBUG PackageRelationshipCollection:307 - Parsing relationship: /_rels/.rels
2024-12-22 09:01:44 DEBUG POIXMLFactory:65 - using default POIXMLDocumentPart for http://schemas.openxmlformats.org/officeDocument/2006/relationships/printerSettings
2024-12-22 09:01:44 DEBUG PackageRelationshipCollection:307 - Parsing relationship: /xl/_rels/workbook.xml.rels
2024-12-22 09:01:44 DEBUG PackageRelationshipCollection:307 - Parsing relationship: /xl/worksheets/_rels/sheet1.xml.rels
2024-12-22 09:01:44 DEBUG PackageRelationshipCollection:307 - Parsing relationship: /_rels/.rels
2024-12-22 09:01:44 DEBUG POIXMLFactory:65 - using default POIXMLDocumentPart for http://schemas.openxmlformats.org/officeDocument/2006/relationships/printerSettings
2024-12-22 09:01:44 DEBUG PackageRelationshipCollection:307 - Parsing relationship: /xl/_rels/workbook.xml.rels
2024-12-22 09:01:44 DEBUG PackageRelationshipCollection:307 - Parsing relationship: /xl/worksheets/_rels/sheet1.xml.rels
2024-12-22 09:01:44 DEBUG PackageRelationshipCollection:307 - Parsing relationship: /_rels/.rels
2024-12-22 09:01:44 DEBUG POIXMLFactory:65 - using default POIXMLDocumentPart for http://schemas.openxmlformats.org/officeDocument/2006/relationships/printerSettings
2024-12-22 09:01:44 DEBUG PackageRelationshipCollection:307 - Parsing relationship: /xl/_rels/workbook.xml.rels
2024-12-22 09:01:44 DEBUG PackageRelationshipCollection:307 - Parsing relationship: /xl/worksheets/_rels/sheet1.xml.rels
2024-12-22 09:01:44 DEBUG PackageRelationshipCollection:307 - Parsing relationship: /_rels/.rels
2024-12-22 09:01:44 DEBUG POIXMLFactory:65 - using default POIXMLDocumentPart for http://schemas.openxmlformats.org/officeDocument/2006/relationships/printerSettings
2024-12-22 09:01:44 DEBUG PackageRelationshipCollection:307 - Parsing relationship: /xl/_rels/workbook.xml.rels
2024-12-22 09:01:44 DEBUG PackageRelationshipCollection:307 - Parsing relationship: /xl/worksheets/_rels/sheet1.xml.rels
2024-12-22 09:01:44 DEBUG PackageRelationshipCollection:307 - Parsing relationship: /_rels/.rels
2024-12-22 09:01:44 DEBUG POIXMLFactory:65 - using default POIXMLDocumentPart for http://schemas.openxmlformats.org/officeDocument/2006/relationships/printerSettings
2024-12-22 09:01:44 DEBUG PackageRelationshipCollection:307 - Parsing relationship: /xl/_rels/workbook.xml.rels
2024-12-22 09:01:44 DEBUG PackageRelationshipCollection:307 - Parsing relationship: /xl/worksheets/_rels/sheet1.xml.rels
2024-12-22 09:01:44 DEBUG PackageRelationshipCollection:307 - Parsing relationship: /_rels/.rels
2024-12-22 09:01:44 DEBUG POIXMLFactory:65 - using default POIXMLDocumentPart for http://schemas.openxmlformats.org/officeDocument/2006/relationships/printerSettings
2024-12-22 09:01:44 DEBUG PackageRelationshipCollection:307 - Parsing relationship: /xl/_rels/workbook.xml.rels
2024-12-22 09:01:44 DEBUG PackageRelationshipCollection:307 - Parsing relationship: /xl/worksheets/_rels/sheet1.xml.rels
2024-12-22 09:01:44 DEBUG PackageRelationshipCollection:307 - Parsing relationship: /_rels/.rels
2024-12-22 09:01:44 DEBUG POIXMLFactory:65 - using default POIXMLDocumentPart for http://schemas.openxmlformats.org/officeDocument/2006/relationships/printerSettings
2024-12-22 09:01:44 DEBUG PackageRelationshipCollection:307 - Parsing relationship: /xl/_rels/workbook.xml.rels
2024-12-22 09:01:44 DEBUG PackageRelationshipCollection:307 - Parsing relationship: /xl/worksheets/_rels/sheet1.xml.rels
2024-12-22 09:01:44 DEBUG PackageRelationshipCollection:307 - Parsing relationship: /_rels/.rels
2024-12-22 09:01:44 DEBUG POIXMLFactory:65 - using default POIXMLDocumentPart for http://schemas.openxmlformats.org/officeDocument/2006/relationships/printerSettings
2024-12-22 09:01:44 DEBUG PackageRelationshipCollection:307 - Parsing relationship: /xl/_rels/workbook.xml.rels
2024-12-22 09:01:44 DEBUG PackageRelationshipCollection:307 - Parsing relationship: /xl/worksheets/_rels/sheet1.xml.rels
2024-12-22 09:01:44 DEBUG PackageRelationshipCollection:307 - Parsing relationship: /_rels/.rels
2024-12-22 09:01:44 DEBUG POIXMLFactory:65 - using default POIXMLDocumentPart for http://schemas.openxmlformats.org/officeDocument/2006/relationships/printerSettings
2024-12-22 09:01:44 DEBUG PackageRelationshipCollection:307 - Parsing relationship: /xl/_rels/workbook.xml.rels
2024-12-22 09:01:44 DEBUG PackageRelationshipCollection:307 - Parsing relationship: /xl/worksheets/_rels/sheet1.xml.rels
2024-12-22 09:01:44 DEBUG PackageRelationshipCollection:307 - Parsing relationship: /_rels/.rels
2024-12-22 09:01:44 DEBUG POIXMLFactory:65 - using default POIXMLDocumentPart for http://schemas.openxmlformats.org/officeDocument/2006/relationships/printerSettings
2024-12-22 09:01:44 INFO  TC003_LoginDataDrivenTest:26 - ****** Starting TC003_LoginDataDriverTest *****
2024-12-22 09:01:56 INFO  TC003_LoginDataDrivenTest:26 - ****** Starting TC003_LoginDataDriverTest *****
2024-12-22 09:01:57 INFO  TC003_LoginDataDrivenTest:75 - ****** Finished TC003_LoginDataDriverTest *****
2024-12-22 09:01:57 INFO  TC003_LoginDataDrivenTest:26 - ****** Starting TC003_LoginDataDriverTest *****
2024-12-22 09:01:59 INFO  TC003_LoginDataDrivenTest:26 - ****** Starting TC003_LoginDataDriverTest *****
2024-12-22 09:02:10 INFO  TC003_LoginDataDrivenTest:75 - ****** Finished TC003_LoginDataDriverTest *****
2024-12-22 09:02:10 INFO  TC003_LoginDataDrivenTest:26 - ****** Starting TC003_LoginDataDriverTest *****
2024-12-22 09:02:11 INFO  TC003_LoginDataDrivenTest:75 - ****** Finished TC003_LoginDataDriverTest *****
2024-12-22 09:04:19 DEBUG TestNG:82 - suiteXmlPath: "C:\Users\SDDVIVE\eclipse-workspace\OpenCartV1.2HybridAutomationFramework\master.xml"
2024-12-22 09:04:19 INFO  Utils:112 - [TestNG] Running:
  C:\Users\SDDVIVE\eclipse-workspace\OpenCartV1.2HybridAutomationFramework\master.xml

2024-12-22 09:04:23 DEBUG PackageRelationshipCollection:307 - Parsing relationship: /xl/_rels/workbook.xml.rels
2024-12-22 09:04:23 DEBUG PackageRelationshipCollection:307 - Parsing relationship: /xl/worksheets/_rels/sheet1.xml.rels
2024-12-22 09:04:23 DEBUG PackageRelationshipCollection:307 - Parsing relationship: /_rels/.rels
2024-12-22 09:04:24 DEBUG POIXMLFactory:65 - using default POIXMLDocumentPart for http://schemas.openxmlformats.org/officeDocument/2006/relationships/printerSettings
2024-12-22 09:04:24 DEBUG PackageRelationshipCollection:307 - Parsing relationship: /xl/_rels/workbook.xml.rels
2024-12-22 09:04:24 DEBUG PackageRelationshipCollection:307 - Parsing relationship: /xl/worksheets/_rels/sheet1.xml.rels
2024-12-22 09:04:24 DEBUG PackageRelationshipCollection:307 - Parsing relationship: /_rels/.rels
2024-12-22 09:04:24 DEBUG POIXMLFactory:65 - using default POIXMLDocumentPart for http://schemas.openxmlformats.org/officeDocument/2006/relationships/printerSettings
2024-12-22 09:04:24 DEBUG PackageRelationshipCollection:307 - Parsing relationship: /xl/_rels/workbook.xml.rels
2024-12-22 09:04:24 DEBUG PackageRelationshipCollection:307 - Parsing relationship: /xl/worksheets/_rels/sheet1.xml.rels
2024-12-22 09:04:24 DEBUG PackageRelationshipCollection:307 - Parsing relationship: /_rels/.rels
2024-12-22 09:04:24 DEBUG POIXMLFactory:65 - using default POIXMLDocumentPart for http://schemas.openxmlformats.org/officeDocument/2006/relationships/printerSettings
2024-12-22 09:04:24 DEBUG PackageRelationshipCollection:307 - Parsing relationship: /xl/_rels/workbook.xml.rels
2024-12-22 09:04:24 DEBUG PackageRelationshipCollection:307 - Parsing relationship: /xl/worksheets/_rels/sheet1.xml.rels
2024-12-22 09:04:24 DEBUG PackageRelationshipCollection:307 - Parsing relationship: /_rels/.rels
2024-12-22 09:04:24 DEBUG POIXMLFactory:65 - using default POIXMLDocumentPart for http://schemas.openxmlformats.org/officeDocument/2006/relationships/printerSettings
2024-12-22 09:04:24 DEBUG PackageRelationshipCollection:307 - Parsing relationship: /xl/_rels/workbook.xml.rels
2024-12-22 09:04:24 DEBUG PackageRelationshipCollection:307 - Parsing relationship: /xl/worksheets/_rels/sheet1.xml.rels
2024-12-22 09:04:24 DEBUG PackageRelationshipCollection:307 - Parsing relationship: /_rels/.rels
2024-12-22 09:04:24 DEBUG POIXMLFactory:65 - using default POIXMLDocumentPart for http://schemas.openxmlformats.org/officeDocument/2006/relationships/printerSettings
2024-12-22 09:04:24 DEBUG PackageRelationshipCollection:307 - Parsing relationship: /xl/_rels/workbook.xml.rels
2024-12-22 09:04:24 DEBUG PackageRelationshipCollection:307 - Parsing relationship: /xl/worksheets/_rels/sheet1.xml.rels
2024-12-22 09:04:24 DEBUG PackageRelationshipCollection:307 - Parsing relationship: /_rels/.rels
2024-12-22 09:04:24 DEBUG POIXMLFactory:65 - using default POIXMLDocumentPart for http://schemas.openxmlformats.org/officeDocument/2006/relationships/printerSettings
2024-12-22 09:04:24 DEBUG PackageRelationshipCollection:307 - Parsing relationship: /xl/_rels/workbook.xml.rels
2024-12-22 09:04:24 DEBUG PackageRelationshipCollection:307 - Parsing relationship: /xl/worksheets/_rels/sheet1.xml.rels
2024-12-22 09:04:24 DEBUG PackageRelationshipCollection:307 - Parsing relationship: /_rels/.rels
2024-12-22 09:04:24 DEBUG POIXMLFactory:65 - using default POIXMLDocumentPart for http://schemas.openxmlformats.org/officeDocument/2006/relationships/printerSettings
2024-12-22 09:04:24 DEBUG PackageRelationshipCollection:307 - Parsing relationship: /xl/_rels/workbook.xml.rels
2024-12-22 09:04:24 DEBUG PackageRelationshipCollection:307 - Parsing relationship: /xl/worksheets/_rels/sheet1.xml.rels
2024-12-22 09:04:24 DEBUG PackageRelationshipCollection:307 - Parsing relationship: /_rels/.rels
2024-12-22 09:04:24 DEBUG POIXMLFactory:65 - using default POIXMLDocumentPart for http://schemas.openxmlformats.org/officeDocument/2006/relationships/printerSettings
2024-12-22 09:04:24 DEBUG PackageRelationshipCollection:307 - Parsing relationship: /xl/_rels/workbook.xml.rels
2024-12-22 09:04:24 DEBUG PackageRelationshipCollection:307 - Parsing relationship: /xl/worksheets/_rels/sheet1.xml.rels
2024-12-22 09:04:24 DEBUG PackageRelationshipCollection:307 - Parsing relationship: /_rels/.rels
2024-12-22 09:04:24 DEBUG POIXMLFactory:65 - using default POIXMLDocumentPart for http://schemas.openxmlformats.org/officeDocument/2006/relationships/printerSettings
2024-12-22 09:04:24 DEBUG PackageRelationshipCollection:307 - Parsing relationship: /xl/_rels/workbook.xml.rels
2024-12-22 09:04:24 DEBUG PackageRelationshipCollection:307 - Parsing relationship: /xl/worksheets/_rels/sheet1.xml.rels
2024-12-22 09:04:24 DEBUG PackageRelationshipCollection:307 - Parsing relationship: /_rels/.rels
2024-12-22 09:04:24 DEBUG POIXMLFactory:65 - using default POIXMLDocumentPart for http://schemas.openxmlformats.org/officeDocument/2006/relationships/printerSettings
2024-12-22 09:04:24 DEBUG PackageRelationshipCollection:307 - Parsing relationship: /xl/_rels/workbook.xml.rels
2024-12-22 09:04:24 DEBUG PackageRelationshipCollection:307 - Parsing relationship: /xl/worksheets/_rels/sheet1.xml.rels
2024-12-22 09:04:24 DEBUG PackageRelationshipCollection:307 - Parsing relationship: /_rels/.rels
2024-12-22 09:04:24 DEBUG POIXMLFactory:65 - using default POIXMLDocumentPart for http://schemas.openxmlformats.org/officeDocument/2006/relationships/printerSettings
2024-12-22 09:04:24 DEBUG PackageRelationshipCollection:307 - Parsing relationship: /xl/_rels/workbook.xml.rels
2024-12-22 09:04:24 DEBUG PackageRelationshipCollection:307 - Parsing relationship: /xl/worksheets/_rels/sheet1.xml.rels
2024-12-22 09:04:24 DEBUG PackageRelationshipCollection:307 - Parsing relationship: /_rels/.rels
2024-12-22 09:04:24 DEBUG POIXMLFactory:65 - using default POIXMLDocumentPart for http://schemas.openxmlformats.org/officeDocument/2006/relationships/printerSettings
2024-12-22 09:04:24 DEBUG PackageRelationshipCollection:307 - Parsing relationship: /xl/_rels/workbook.xml.rels
2024-12-22 09:04:24 DEBUG PackageRelationshipCollection:307 - Parsing relationship: /xl/worksheets/_rels/sheet1.xml.rels
2024-12-22 09:04:24 DEBUG PackageRelationshipCollection:307 - Parsing relationship: /_rels/.rels
2024-12-22 09:04:24 DEBUG POIXMLFactory:65 - using default POIXMLDocumentPart for http://schemas.openxmlformats.org/officeDocument/2006/relationships/printerSettings
2024-12-22 09:04:24 DEBUG PackageRelationshipCollection:307 - Parsing relationship: /xl/_rels/workbook.xml.rels
2024-12-22 09:04:24 DEBUG PackageRelationshipCollection:307 - Parsing relationship: /xl/worksheets/_rels/sheet1.xml.rels
2024-12-22 09:04:24 DEBUG PackageRelationshipCollection:307 - Parsing relationship: /_rels/.rels
2024-12-22 09:04:24 DEBUG POIXMLFactory:65 - using default POIXMLDocumentPart for http://schemas.openxmlformats.org/officeDocument/2006/relationships/printerSettings
2024-12-22 09:04:24 DEBUG PackageRelationshipCollection:307 - Parsing relationship: /xl/_rels/workbook.xml.rels
2024-12-22 09:04:24 DEBUG PackageRelationshipCollection:307 - Parsing relationship: /xl/worksheets/_rels/sheet1.xml.rels
2024-12-22 09:04:24 DEBUG PackageRelationshipCollection:307 - Parsing relationship: /_rels/.rels
2024-12-22 09:04:24 DEBUG POIXMLFactory:65 - using default POIXMLDocumentPart for http://schemas.openxmlformats.org/officeDocument/2006/relationships/printerSettings
2024-12-22 09:04:24 DEBUG PackageRelationshipCollection:307 - Parsing relationship: /xl/_rels/workbook.xml.rels
2024-12-22 09:04:24 DEBUG PackageRelationshipCollection:307 - Parsing relationship: /xl/worksheets/_rels/sheet1.xml.rels
2024-12-22 09:04:24 DEBUG PackageRelationshipCollection:307 - Parsing relationship: /_rels/.rels
2024-12-22 09:04:24 DEBUG POIXMLFactory:65 - using default POIXMLDocumentPart for http://schemas.openxmlformats.org/officeDocument/2006/relationships/printerSettings
2024-12-22 09:04:24 DEBUG PackageRelationshipCollection:307 - Parsing relationship: /xl/_rels/workbook.xml.rels
2024-12-22 09:04:24 DEBUG PackageRelationshipCollection:307 - Parsing relationship: /xl/worksheets/_rels/sheet1.xml.rels
2024-12-22 09:04:24 DEBUG PackageRelationshipCollection:307 - Parsing relationship: /_rels/.rels
2024-12-22 09:04:24 DEBUG POIXMLFactory:65 - using default POIXMLDocumentPart for http://schemas.openxmlformats.org/officeDocument/2006/relationships/printerSettings
2024-12-22 09:04:24 INFO  TC003_LoginDataDrivenTest:26 - ****** Starting TC003_LoginDataDriverTest *****
2024-12-22 09:04:36 INFO  TC003_LoginDataDrivenTest:26 - ****** Starting TC003_LoginDataDriverTest *****
2024-12-22 09:04:37 INFO  TC003_LoginDataDrivenTest:75 - ****** Finished TC003_LoginDataDriverTest *****
2024-12-22 09:04:37 INFO  TC003_LoginDataDrivenTest:26 - ****** Starting TC003_LoginDataDriverTest *****
2024-12-22 09:04:39 INFO  TC003_LoginDataDrivenTest:26 - ****** Starting TC003_LoginDataDriverTest *****
2024-12-22 09:04:50 INFO  TC003_LoginDataDrivenTest:75 - ****** Finished TC003_LoginDataDriverTest *****
2024-12-22 09:04:50 INFO  TC003_LoginDataDrivenTest:26 - ****** Starting TC003_LoginDataDriverTest *****
2024-12-22 09:04:51 INFO  TC003_LoginDataDrivenTest:75 - ****** Finished TC003_LoginDataDriverTest *****
2024-12-22 09:06:55 DEBUG TestNG:82 - suiteXmlPath: "C:\Users\SDDVIVE\eclipse-workspace\OpenCartV1.2HybridAutomationFramework\test.xml"
2024-12-22 09:06:56 INFO  Utils:112 - [TestNG] Running:
  C:\Users\SDDVIVE\eclipse-workspace\OpenCartV1.2HybridAutomationFramework\test.xml

2024-12-22 09:06:59 INFO  TC001_AccountRegTest:24 - *******Staring TC001_AccountRegTest***********
2024-12-22 09:07:00 INFO  TC001_AccountRegTest:30 - clicked on my account
2024-12-22 09:07:00 INFO  TC001_AccountRegTest:32 - clicked on register
2024-12-22 09:07:00 INFO  TC001_AccountRegTest:35 - providing customer details
2024-12-22 09:07:02 INFO  TC001_AccountRegTest:47 - validating expected msg
2024-12-22 09:07:02 INFO  TC001_AccountRegTest:60 - *******Finished TC001_AccountRegTest***********
2024-12-22 09:08:44 DEBUG TestNG:82 - suiteXmlPath: "C:\Users\SDDVIVE\eclipse-workspace\OpenCartV1.2HybridAutomationFramework\test-output\Suite\testng-failed.xml"
2024-12-22 09:08:44 INFO  Utils:112 - [TestNG] Running:
  C:\Users\SDDVIVE\eclipse-workspace\OpenCartV1.2HybridAutomationFramework\test-output\Suite\testng-failed.xml

2024-12-22 09:08:48 DEBUG PackageRelationshipCollection:307 - Parsing relationship: /xl/_rels/workbook.xml.rels
2024-12-22 09:08:48 DEBUG PackageRelationshipCollection:307 - Parsing relationship: /xl/worksheets/_rels/sheet1.xml.rels
2024-12-22 09:08:48 DEBUG PackageRelationshipCollection:307 - Parsing relationship: /_rels/.rels
2024-12-22 09:08:49 DEBUG POIXMLFactory:65 - using default POIXMLDocumentPart for http://schemas.openxmlformats.org/officeDocument/2006/relationships/printerSettings
2024-12-22 09:08:49 DEBUG PackageRelationshipCollection:307 - Parsing relationship: /xl/_rels/workbook.xml.rels
2024-12-22 09:08:49 DEBUG PackageRelationshipCollection:307 - Parsing relationship: /xl/worksheets/_rels/sheet1.xml.rels
2024-12-22 09:08:49 DEBUG PackageRelationshipCollection:307 - Parsing relationship: /_rels/.rels
2024-12-22 09:08:49 DEBUG POIXMLFactory:65 - using default POIXMLDocumentPart for http://schemas.openxmlformats.org/officeDocument/2006/relationships/printerSettings
2024-12-22 09:08:49 DEBUG PackageRelationshipCollection:307 - Parsing relationship: /xl/_rels/workbook.xml.rels
2024-12-22 09:08:49 DEBUG PackageRelationshipCollection:307 - Parsing relationship: /xl/worksheets/_rels/sheet1.xml.rels
2024-12-22 09:08:49 DEBUG PackageRelationshipCollection:307 - Parsing relationship: /_rels/.rels
2024-12-22 09:08:49 DEBUG POIXMLFactory:65 - using default POIXMLDocumentPart for http://schemas.openxmlformats.org/officeDocument/2006/relationships/printerSettings
2024-12-22 09:08:49 DEBUG PackageRelationshipCollection:307 - Parsing relationship: /xl/_rels/workbook.xml.rels
2024-12-22 09:08:49 DEBUG PackageRelationshipCollection:307 - Parsing relationship: /xl/worksheets/_rels/sheet1.xml.rels
2024-12-22 09:08:49 DEBUG PackageRelationshipCollection:307 - Parsing relationship: /_rels/.rels
2024-12-22 09:08:49 DEBUG POIXMLFactory:65 - using default POIXMLDocumentPart for http://schemas.openxmlformats.org/officeDocument/2006/relationships/printerSettings
2024-12-22 09:08:49 DEBUG PackageRelationshipCollection:307 - Parsing relationship: /xl/_rels/workbook.xml.rels
2024-12-22 09:08:49 DEBUG PackageRelationshipCollection:307 - Parsing relationship: /xl/worksheets/_rels/sheet1.xml.rels
2024-12-22 09:08:49 DEBUG PackageRelationshipCollection:307 - Parsing relationship: /_rels/.rels
2024-12-22 09:08:49 DEBUG POIXMLFactory:65 - using default POIXMLDocumentPart for http://schemas.openxmlformats.org/officeDocument/2006/relationships/printerSettings
2024-12-22 09:08:49 DEBUG PackageRelationshipCollection:307 - Parsing relationship: /xl/_rels/workbook.xml.rels
2024-12-22 09:08:49 DEBUG PackageRelationshipCollection:307 - Parsing relationship: /xl/worksheets/_rels/sheet1.xml.rels
2024-12-22 09:08:49 DEBUG PackageRelationshipCollection:307 - Parsing relationship: /_rels/.rels
2024-12-22 09:08:49 DEBUG POIXMLFactory:65 - using default POIXMLDocumentPart for http://schemas.openxmlformats.org/officeDocument/2006/relationships/printerSettings
2024-12-22 09:08:49 DEBUG PackageRelationshipCollection:307 - Parsing relationship: /xl/_rels/workbook.xml.rels
2024-12-22 09:08:49 DEBUG PackageRelationshipCollection:307 - Parsing relationship: /xl/worksheets/_rels/sheet1.xml.rels
2024-12-22 09:08:49 DEBUG PackageRelationshipCollection:307 - Parsing relationship: /_rels/.rels
2024-12-22 09:08:49 DEBUG POIXMLFactory:65 - using default POIXMLDocumentPart for http://schemas.openxmlformats.org/officeDocument/2006/relationships/printerSettings
2024-12-22 09:08:49 DEBUG PackageRelationshipCollection:307 - Parsing relationship: /xl/_rels/workbook.xml.rels
2024-12-22 09:08:49 DEBUG PackageRelationshipCollection:307 - Parsing relationship: /xl/worksheets/_rels/sheet1.xml.rels
2024-12-22 09:08:49 DEBUG PackageRelationshipCollection:307 - Parsing relationship: /_rels/.rels
2024-12-22 09:08:49 DEBUG POIXMLFactory:65 - using default POIXMLDocumentPart for http://schemas.openxmlformats.org/officeDocument/2006/relationships/printerSettings
2024-12-22 09:08:49 DEBUG PackageRelationshipCollection:307 - Parsing relationship: /xl/_rels/workbook.xml.rels
2024-12-22 09:08:49 DEBUG PackageRelationshipCollection:307 - Parsing relationship: /xl/worksheets/_rels/sheet1.xml.rels
2024-12-22 09:08:49 DEBUG PackageRelationshipCollection:307 - Parsing relationship: /_rels/.rels
2024-12-22 09:08:50 DEBUG POIXMLFactory:65 - using default POIXMLDocumentPart for http://schemas.openxmlformats.org/officeDocument/2006/relationships/printerSettings
2024-12-22 09:08:50 DEBUG PackageRelationshipCollection:307 - Parsing relationship: /xl/_rels/workbook.xml.rels
2024-12-22 09:08:50 DEBUG PackageRelationshipCollection:307 - Parsing relationship: /xl/worksheets/_rels/sheet1.xml.rels
2024-12-22 09:08:50 DEBUG PackageRelationshipCollection:307 - Parsing relationship: /_rels/.rels
2024-12-22 09:08:50 DEBUG POIXMLFactory:65 - using default POIXMLDocumentPart for http://schemas.openxmlformats.org/officeDocument/2006/relationships/printerSettings
2024-12-22 09:08:50 DEBUG PackageRelationshipCollection:307 - Parsing relationship: /xl/_rels/workbook.xml.rels
2024-12-22 09:08:50 DEBUG PackageRelationshipCollection:307 - Parsing relationship: /xl/worksheets/_rels/sheet1.xml.rels
2024-12-22 09:08:50 DEBUG PackageRelationshipCollection:307 - Parsing relationship: /_rels/.rels
2024-12-22 09:08:50 DEBUG POIXMLFactory:65 - using default POIXMLDocumentPart for http://schemas.openxmlformats.org/officeDocument/2006/relationships/printerSettings
2024-12-22 09:08:50 DEBUG PackageRelationshipCollection:307 - Parsing relationship: /xl/_rels/workbook.xml.rels
2024-12-22 09:08:50 DEBUG PackageRelationshipCollection:307 - Parsing relationship: /xl/worksheets/_rels/sheet1.xml.rels
2024-12-22 09:08:50 DEBUG PackageRelationshipCollection:307 - Parsing relationship: /_rels/.rels
2024-12-22 09:08:50 DEBUG POIXMLFactory:65 - using default POIXMLDocumentPart for http://schemas.openxmlformats.org/officeDocument/2006/relationships/printerSettings
2024-12-22 09:08:50 DEBUG PackageRelationshipCollection:307 - Parsing relationship: /xl/_rels/workbook.xml.rels
2024-12-22 09:08:50 DEBUG PackageRelationshipCollection:307 - Parsing relationship: /xl/worksheets/_rels/sheet1.xml.rels
2024-12-22 09:08:50 DEBUG PackageRelationshipCollection:307 - Parsing relationship: /_rels/.rels
2024-12-22 09:08:50 DEBUG POIXMLFactory:65 - using default POIXMLDocumentPart for http://schemas.openxmlformats.org/officeDocument/2006/relationships/printerSettings
2024-12-22 09:08:50 DEBUG PackageRelationshipCollection:307 - Parsing relationship: /xl/_rels/workbook.xml.rels
2024-12-22 09:08:50 DEBUG PackageRelationshipCollection:307 - Parsing relationship: /xl/worksheets/_rels/sheet1.xml.rels
2024-12-22 09:08:50 DEBUG PackageRelationshipCollection:307 - Parsing relationship: /_rels/.rels
2024-12-22 09:08:50 DEBUG POIXMLFactory:65 - using default POIXMLDocumentPart for http://schemas.openxmlformats.org/officeDocument/2006/relationships/printerSettings
2024-12-22 09:08:50 DEBUG PackageRelationshipCollection:307 - Parsing relationship: /xl/_rels/workbook.xml.rels
2024-12-22 09:08:50 DEBUG PackageRelationshipCollection:307 - Parsing relationship: /xl/worksheets/_rels/sheet1.xml.rels
2024-12-22 09:08:50 DEBUG PackageRelationshipCollection:307 - Parsing relationship: /_rels/.rels
2024-12-22 09:08:50 DEBUG POIXMLFactory:65 - using default POIXMLDocumentPart for http://schemas.openxmlformats.org/officeDocument/2006/relationships/printerSettings
2024-12-22 09:08:50 DEBUG PackageRelationshipCollection:307 - Parsing relationship: /xl/_rels/workbook.xml.rels
2024-12-22 09:08:50 DEBUG PackageRelationshipCollection:307 - Parsing relationship: /xl/worksheets/_rels/sheet1.xml.rels
2024-12-22 09:08:50 DEBUG PackageRelationshipCollection:307 - Parsing relationship: /_rels/.rels
2024-12-22 09:08:50 DEBUG POIXMLFactory:65 - using default POIXMLDocumentPart for http://schemas.openxmlformats.org/officeDocument/2006/relationships/printerSettings
2024-12-22 09:08:50 DEBUG PackageRelationshipCollection:307 - Parsing relationship: /xl/_rels/workbook.xml.rels
2024-12-22 09:08:50 DEBUG PackageRelationshipCollection:307 - Parsing relationship: /xl/worksheets/_rels/sheet1.xml.rels
2024-12-22 09:08:50 DEBUG PackageRelationshipCollection:307 - Parsing relationship: /_rels/.rels
2024-12-22 09:08:50 DEBUG POIXMLFactory:65 - using default POIXMLDocumentPart for http://schemas.openxmlformats.org/officeDocument/2006/relationships/printerSettings
2024-12-22 09:08:50 INFO  TC003_LoginDataDrivenTest:26 - ****** Starting TC003_LoginDataDriverTest *****
2024-12-22 09:09:01 INFO  TC003_LoginDataDrivenTest:26 - ****** Starting TC003_LoginDataDriverTest *****
2024-12-22 11:35:44 DEBUG TestNG:82 - suiteXmlPath: "C:\Users\SDDVIVE\eclipse-workspace\OpenCartV1.2HybridAutomationFramework\master.xml"
2024-12-22 11:35:45 INFO  Utils:112 - [TestNG] Running:
  C:\Users\SDDVIVE\eclipse-workspace\OpenCartV1.2HybridAutomationFramework\master.xml

2024-12-22 11:35:49 INFO  TC001_AccountRegTest:24 - *******Staring TC001_AccountRegTest***********
2024-12-22 11:35:50 INFO  TC001_AccountRegTest:30 - clicked on my account
2024-12-22 11:35:50 INFO  TC001_AccountRegTest:32 - clicked on register
2024-12-22 11:35:50 INFO  TC001_AccountRegTest:35 - providing customer details
2024-12-22 11:35:52 INFO  TC001_AccountRegTest:47 - validating expected msg
2024-12-22 11:35:52 INFO  TC001_AccountRegTest:60 - *******Finished TC001_AccountRegTest***********
2024-12-22 11:35:54 INFO  TC002_LoginTest:18 - ****** Startign TC_002_LoginTest *****
2024-12-22 11:35:57 INFO  TC002_LoginTest:43 - ****** Finished TC_002_LoginTest *****
2024-12-22 11:36:40 DEBUG TestNG:82 - suiteXmlPath: "C:\Users\SDDVIVE\eclipse-workspace\OpenCartV1.2HybridAutomationFramework\master.xml"
2024-12-22 11:36:40 INFO  Utils:112 - [TestNG] Running:
  C:\Users\SDDVIVE\eclipse-workspace\OpenCartV1.2HybridAutomationFramework\master.xml

2024-12-22 11:36:45 INFO  TC001_AccountRegTest:24 - *******Staring TC001_AccountRegTest***********
2024-12-22 11:36:45 INFO  TC001_AccountRegTest:30 - clicked on my account
2024-12-22 11:36:46 INFO  TC001_AccountRegTest:32 - clicked on register
2024-12-22 11:36:46 INFO  TC001_AccountRegTest:35 - providing customer details
2024-12-22 11:36:48 INFO  TC001_AccountRegTest:47 - validating expected msg
2024-12-22 11:36:48 INFO  TC001_AccountRegTest:60 - *******Finished TC001_AccountRegTest***********
2024-12-22 11:36:52 INFO  TC002_LoginTest:18 - ****** Startign TC_002_LoginTest *****
2024-12-22 11:36:56 INFO  TC002_LoginTest:43 - ****** Finished TC_002_LoginTest *****
2024-12-22 11:37:13 DEBUG TestNG:82 - suiteXmlPath: "C:\Users\SDDVIVE\eclipse-workspace\OpenCartV1.2HybridAutomationFramework\crossBrowserTesting.xml"
2024-12-22 11:37:13 INFO  Utils:112 - [TestNG] Running:
  C:\Users\SDDVIVE\eclipse-workspace\OpenCartV1.2HybridAutomationFramework\crossBrowserTesting.xml

2024-12-22 11:37:21 INFO  TC001_AccountRegTest:24 - *******Staring TC001_AccountRegTest***********
2024-12-22 11:37:24 INFO  TC001_AccountRegTest:30 - clicked on my account
2024-12-22 11:37:25 INFO  TC001_AccountRegTest:32 - clicked on register
2024-12-22 11:37:25 INFO  TC001_AccountRegTest:35 - providing customer details
2024-12-22 11:37:27 INFO  TC001_AccountRegTest:24 - *******Staring TC001_AccountRegTest***********
2024-12-22 11:37:27 INFO  TC001_AccountRegTest:30 - clicked on my account
2024-12-22 11:39:36 DEBUG TestNG:82 - suiteXmlPath: "C:\Users\SDDVIVE\eclipse-workspace\OpenCartV1.2HybridAutomationFramework\crossBrowserTesting.xml"
2024-12-22 11:39:37 INFO  Utils:112 - [TestNG] Running:
  C:\Users\SDDVIVE\eclipse-workspace\OpenCartV1.2HybridAutomationFramework\crossBrowserTesting.xml

2024-12-22 11:39:40 INFO  TC001_AccountRegTest:24 - *******Staring TC001_AccountRegTest***********
2024-12-22 11:39:42 INFO  TC001_AccountRegTest:30 - clicked on my account
2024-12-22 11:39:42 INFO  TC001_AccountRegTest:32 - clicked on register
2024-12-22 11:39:42 INFO  TC001_AccountRegTest:35 - providing customer details
2024-12-22 11:39:43 INFO  TC001_AccountRegTest:24 - *******Staring TC001_AccountRegTest***********
2024-12-22 11:39:43 INFO  TC001_AccountRegTest:30 - clicked on my account
2024-12-22 11:43:56 DEBUG TestNG:82 - suiteXmlPath: "C:\Users\SDDVIVE\eclipse-workspace\OpenCartV1.2HybridAutomationFramework\crossBrowserTesting.xml"
2024-12-22 11:43:57 INFO  Utils:112 - [TestNG] Running:
  C:\Users\SDDVIVE\eclipse-workspace\OpenCartV1.2HybridAutomationFramework\crossBrowserTesting.xml

2024-12-22 11:44:00 INFO  TC001_AccountRegTest:24 - *******Staring TC001_AccountRegTest***********
2024-12-22 11:44:02 INFO  TC001_AccountRegTest:30 - clicked on my account
2024-12-22 11:44:02 INFO  TC001_AccountRegTest:32 - clicked on register
2024-12-22 11:44:02 INFO  TC001_AccountRegTest:35 - providing customer details
2024-12-22 11:44:03 INFO  TC001_AccountRegTest:24 - *******Staring TC001_AccountRegTest***********
2024-12-22 11:44:03 INFO  TC001_AccountRegTest:30 - clicked on my account
2024-12-22 11:45:27 DEBUG TestNG:82 - suiteXmlPath: "C:\Users\SDDVIVE\eclipse-workspace\OpenCartV1.2HybridAutomationFramework\crossBrowserTesting.xml"
2024-12-22 11:45:27 INFO  Utils:112 - [TestNG] Running:
  C:\Users\SDDVIVE\eclipse-workspace\OpenCartV1.2HybridAutomationFramework\crossBrowserTesting.xml

2024-12-22 11:45:31 INFO  TC001_AccountRegTest:24 - *******Staring TC001_AccountRegTest***********
2024-12-22 11:45:33 INFO  TC001_AccountRegTest:30 - clicked on my account
2024-12-22 11:45:33 INFO  TC001_AccountRegTest:32 - clicked on register
2024-12-22 11:45:33 INFO  TC001_AccountRegTest:35 - providing customer details
2024-12-22 11:45:34 INFO  TC001_AccountRegTest:24 - *******Staring TC001_AccountRegTest***********
2024-12-22 11:45:34 INFO  TC001_AccountRegTest:30 - clicked on my account
2024-12-22 11:46:33 DEBUG TestNG:82 - suiteXmlPath: "C:\Users\SDDVIVE\eclipse-workspace\OpenCartV1.2HybridAutomationFramework\test.xml"
2024-12-22 11:46:34 INFO  Utils:112 - [TestNG] Running:
  C:\Users\SDDVIVE\eclipse-workspace\OpenCartV1.2HybridAutomationFramework\test.xml

2024-12-22 11:46:37 INFO  TC001_AccountRegTest:24 - *******Staring TC001_AccountRegTest***********
2024-12-22 11:46:38 INFO  TC001_AccountRegTest:30 - clicked on my account
2024-12-22 11:46:39 INFO  TC001_AccountRegTest:32 - clicked on register
2024-12-22 11:46:39 INFO  TC001_AccountRegTest:35 - providing customer details
2024-12-22 11:46:40 INFO  TC001_AccountRegTest:47 - validating expected msg
2024-12-22 11:46:40 INFO  TC001_AccountRegTest:60 - *******Finished TC001_AccountRegTest***********
2024-12-22 11:47:06 DEBUG TestNG:82 - suiteXmlPath: "C:\Users\SDDVIVE\eclipse-workspace\OpenCartV1.2HybridAutomationFramework\test.xml"
2024-12-22 11:47:24 DEBUG TestNG:82 - suiteXmlPath: "C:\Users\SDDVIVE\eclipse-workspace\OpenCartV1.2HybridAutomationFramework\test.xml"
2024-12-22 11:47:25 INFO  Utils:112 - [TestNG] Running:
  C:\Users\SDDVIVE\eclipse-workspace\OpenCartV1.2HybridAutomationFramework\test.xml

2024-12-22 11:47:29 INFO  TC001_AccountRegTest:24 - *******Staring TC001_AccountRegTest***********
2024-12-22 11:47:29 INFO  TC001_AccountRegTest:24 - *******Staring TC001_AccountRegTest***********
2024-12-22 11:47:30 INFO  TC001_AccountRegTest:30 - clicked on my account
2024-12-22 11:47:30 INFO  TC001_AccountRegTest:30 - clicked on my account
2024-12-22 11:50:31 DEBUG TestNG:82 - suiteXmlPath: "C:\Users\SDDVIVE\eclipse-workspace\OpenCartV1.2HybridAutomationFramework\test.xml"
2024-12-22 11:50:32 INFO  Utils:112 - [TestNG] Running:
  C:\Users\SDDVIVE\eclipse-workspace\OpenCartV1.2HybridAutomationFramework\test.xml

2024-12-22 11:50:37 INFO  TC001_AccountRegTest:24 - *******Staring TC001_AccountRegTest***********
2024-12-22 11:50:37 INFO  TC001_AccountRegTest:24 - *******Staring TC001_AccountRegTest***********
2024-12-22 11:50:38 INFO  TC001_AccountRegTest:30 - clicked on my account
2024-12-22 11:50:38 INFO  TC001_AccountRegTest:30 - clicked on my account
2024-12-22 11:51:12 DEBUG TestNG:82 - suiteXmlPath: "C:\Users\SDDVIVE\eclipse-workspace\OpenCartV1.2HybridAutomationFramework\test.xml"
2024-12-22 11:51:12 INFO  Utils:112 - [TestNG] Running:
  C:\Users\SDDVIVE\eclipse-workspace\OpenCartV1.2HybridAutomationFramework\test.xml

2024-12-22 11:51:17 INFO  TC001_AccountRegTest:24 - *******Staring TC001_AccountRegTest***********
2024-12-22 11:51:19 INFO  TC001_AccountRegTest:30 - clicked on my account
2024-12-22 11:51:20 INFO  TC001_AccountRegTest:32 - clicked on register
2024-12-22 11:51:20 INFO  TC001_AccountRegTest:35 - providing customer details
2024-12-22 11:51:22 INFO  TC001_AccountRegTest:47 - validating expected msg
2024-12-22 11:51:22 INFO  TC001_AccountRegTest:60 - *******Finished TC001_AccountRegTest***********
2024-12-22 11:51:29 INFO  TC001_AccountRegTest:24 - *******Staring TC001_AccountRegTest***********
2024-12-22 11:51:30 INFO  TC001_AccountRegTest:30 - clicked on my account
2024-12-22 11:51:31 INFO  TC001_AccountRegTest:32 - clicked on register
2024-12-22 11:51:31 INFO  TC001_AccountRegTest:35 - providing customer details
2024-12-22 11:51:33 INFO  TC001_AccountRegTest:47 - validating expected msg
2024-12-22 11:51:33 INFO  TC001_AccountRegTest:60 - *******Finished TC001_AccountRegTest***********
2024-12-22 11:52:24 DEBUG TestNG:82 - suiteXmlPath: "C:\Users\SDDVIVE\eclipse-workspace\OpenCartV1.2HybridAutomationFramework\test.xml"
2024-12-22 11:52:24 INFO  Utils:112 - [TestNG] Running:
  C:\Users\SDDVIVE\eclipse-workspace\OpenCartV1.2HybridAutomationFramework\test.xml

2024-12-22 11:52:33 INFO  TC001_AccountRegTest:24 - *******Staring TC001_AccountRegTest***********
2024-12-22 11:52:33 INFO  TC001_AccountRegTest:24 - *******Staring TC001_AccountRegTest***********
2024-12-22 11:52:33 INFO  TC001_AccountRegTest:30 - clicked on my account
2024-12-22 11:52:33 INFO  TC001_AccountRegTest:30 - clicked on my account
2024-12-22 11:53:25 DEBUG TestNG:82 - suiteXmlPath: "C:\Users\SDDVIVE\eclipse-workspace\OpenCartV1.2HybridAutomationFramework\test.xml"
2024-12-22 11:53:25 INFO  Utils:112 - [TestNG] Running:
  C:\Users\SDDVIVE\eclipse-workspace\OpenCartV1.2HybridAutomationFramework\test.xml

2024-12-22 11:53:29 INFO  TC001_AccountRegTest:24 - *******Staring TC001_AccountRegTest***********
2024-12-22 11:53:33 INFO  TC001_AccountRegTest:30 - clicked on my account
2024-12-22 11:53:34 INFO  TC001_AccountRegTest:32 - clicked on register
2024-12-22 11:53:34 INFO  TC001_AccountRegTest:35 - providing customer details
2024-12-22 11:53:37 INFO  TC001_AccountRegTest:24 - *******Staring TC001_AccountRegTest***********
2024-12-22 11:56:57 DEBUG TestNG:82 - suiteXmlPath: "C:\Users\SDDVIVE\eclipse-workspace\OpenCartV1.2HybridAutomationFramework\test.xml"
2024-12-22 11:56:58 INFO  Utils:112 - [TestNG] Running:
  C:\Users\SDDVIVE\eclipse-workspace\OpenCartV1.2HybridAutomationFramework\test.xml

2024-12-22 11:57:01 INFO  TC001_AccountRegTest:24 - *******Staring TC001_AccountRegTest***********
2024-12-22 11:57:03 INFO  TC001_AccountRegTest:30 - clicked on my account
2024-12-22 11:57:03 INFO  TC001_AccountRegTest:32 - clicked on register
2024-12-22 11:57:03 INFO  TC001_AccountRegTest:35 - providing customer details
2024-12-22 11:57:04 INFO  TC001_AccountRegTest:24 - *******Staring TC001_AccountRegTest***********
2024-12-22 11:57:04 INFO  TC001_AccountRegTest:30 - clicked on my account
2024-12-22 11:57:42 DEBUG TestNG:82 - suiteXmlPath: "C:\Users\SDDVIVE\eclipse-workspace\OpenCartV1.2HybridAutomationFramework\test.xml"
2024-12-22 11:57:43 INFO  Utils:112 - [TestNG] Running:
  C:\Users\SDDVIVE\eclipse-workspace\OpenCartV1.2HybridAutomationFramework\test.xml

2024-12-22 11:57:46 INFO  TC001_AccountRegTest:24 - *******Staring TC001_AccountRegTest***********
2024-12-22 11:57:46 INFO  TC001_AccountRegTest:30 - clicked on my account
2024-12-22 11:57:47 INFO  TC001_AccountRegTest:32 - clicked on register
2024-12-22 11:57:47 INFO  TC001_AccountRegTest:35 - providing customer details
2024-12-22 11:57:50 INFO  TC001_AccountRegTest:24 - *******Staring TC001_AccountRegTest***********
2024-12-22 11:57:50 INFO  TC001_AccountRegTest:30 - clicked on my account
2024-12-22 11:57:51 INFO  TC001_AccountRegTest:32 - clicked on register
2024-12-22 11:57:51 INFO  TC001_AccountRegTest:35 - providing customer details
2024-12-22 11:57:51 INFO  TC001_AccountRegTest:47 - validating expected msg
2024-12-22 11:57:51 INFO  TC001_AccountRegTest:60 - *******Finished TC001_AccountRegTest***********
2024-12-22 12:02:55 DEBUG TestNG:82 - suiteXmlPath: "C:\Users\SDDVIVE\eclipse-workspace\OpenCartV1.2HybridAutomationFramework\test.xml"
2024-12-22 12:02:55 INFO  Utils:112 - [TestNG] Running:
  C:\Users\SDDVIVE\eclipse-workspace\OpenCartV1.2HybridAutomationFramework\test.xml

2024-12-22 12:03:44 DEBUG TestNG:82 - suiteXmlPath: "C:\Users\SDDVIVE\eclipse-workspace\OpenCartV1.2HybridAutomationFramework\test.xml"
2024-12-22 12:03:45 INFO  Utils:112 - [TestNG] Running:
  C:\Users\SDDVIVE\eclipse-workspace\OpenCartV1.2HybridAutomationFramework\test.xml

2024-12-22 12:05:32 DEBUG TestNG:82 - suiteXmlPath: "C:\Users\SDDVIVE\eclipse-workspace\OpenCartV1.2HybridAutomationFramework\test.xml"
2024-12-22 12:05:33 INFO  Utils:112 - [TestNG] Running:
  C:\Users\SDDVIVE\eclipse-workspace\OpenCartV1.2HybridAutomationFramework\test.xml

2024-12-22 12:08:55 DEBUG TestNG:82 - suiteXmlPath: "C:\Users\SDDVIVE\eclipse-workspace\OpenCartV1.2HybridAutomationFramework\test.xml"
2024-12-22 12:08:55 INFO  Utils:112 - [TestNG] Running:
  C:\Users\SDDVIVE\eclipse-workspace\OpenCartV1.2HybridAutomationFramework\test.xml

2024-12-22 12:14:09 DEBUG TestNG:82 - suiteXmlPath: "C:\Users\SDDVIVE\eclipse-workspace\OpenCartV1.2HybridAutomationFramework\testsingleexecution.xml"
2024-12-22 12:14:09 INFO  Utils:112 - [TestNG] Running:
  C:\Users\SDDVIVE\eclipse-workspace\OpenCartV1.2HybridAutomationFramework\testsingleexecution.xml

2024-12-22 12:14:41 DEBUG TestNG:82 - suiteXmlPath: "C:\Users\SDDVIVE\eclipse-workspace\OpenCartV1.2HybridAutomationFramework\testsingleexecution.xml"
2024-12-22 12:14:42 INFO  Utils:112 - [TestNG] Running:
  C:\Users\SDDVIVE\eclipse-workspace\OpenCartV1.2HybridAutomationFramework\testsingleexecution.xml

2024-12-22 12:18:13 DEBUG TestNG:82 - suiteXmlPath: "C:\Users\SDDVIVE\eclipse-workspace\OpenCartV1.2HybridAutomationFramework\testsingleexecution.xml"
2024-12-22 12:18:14 INFO  Utils:112 - [TestNG] Running:
  C:\Users\SDDVIVE\eclipse-workspace\OpenCartV1.2HybridAutomationFramework\testsingleexecution.xml

2024-12-22 12:19:07 DEBUG TestNG:82 - suiteXmlPath: "C:\Users\SDDVIVE\eclipse-workspace\OpenCartV1.2HybridAutomationFramework\testsingleexecution.xml"
2024-12-22 12:19:07 INFO  Utils:112 - [TestNG] Running:
  C:\Users\SDDVIVE\eclipse-workspace\OpenCartV1.2HybridAutomationFramework\testsingleexecution.xml

2024-12-22 12:21:38 DEBUG TestNG:82 - suiteXmlPath: "C:\Users\SDDVIVE\eclipse-workspace\OpenCartV1.2HybridAutomationFramework\grouping.xml"
2024-12-22 12:21:39 INFO  Utils:112 - [TestNG] Running:
  C:\Users\SDDVIVE\eclipse-workspace\OpenCartV1.2HybridAutomationFramework\grouping.xml

2024-12-22 12:22:30 DEBUG TestNG:82 - suiteXmlPath: "C:\Users\SDDVIVE\eclipse-workspace\OpenCartV1.2HybridAutomationFramework\testsingleexecution.xml"
2024-12-22 12:22:30 INFO  Utils:112 - [TestNG] Running:
  C:\Users\SDDVIVE\eclipse-workspace\OpenCartV1.2HybridAutomationFramework\testsingleexecution.xml

2024-12-22 12:22:51 DEBUG TestNG:82 - suiteXmlPath: "C:\Users\SDDVIVE\eclipse-workspace\OpenCartV1.2HybridAutomationFramework\testsingleexecution.xml"
2024-12-22 12:22:52 INFO  Utils:112 - [TestNG] Running:
  C:\Users\SDDVIVE\eclipse-workspace\OpenCartV1.2HybridAutomationFramework\testsingleexecution.xml

2024-12-22 12:24:10 DEBUG TestNG:82 - suiteXmlPath: "C:\Users\SDDVIVE\eclipse-workspace\OpenCartV1.2HybridAutomationFramework\testsingleexecution.xml"
2024-12-22 12:24:10 INFO  Utils:112 - [TestNG] Running:
  C:\Users\SDDVIVE\eclipse-workspace\OpenCartV1.2HybridAutomationFramework\testsingleexecution.xml

2024-12-22 12:26:37 DEBUG TestNG:82 - suiteXmlPath: "C:\Users\SDDVIVE\eclipse-workspace\OpenCartV1.2HybridAutomationFramework\master.xml"
2024-12-22 12:26:37 INFO  Utils:112 - [TestNG] Running:
  C:\Users\SDDVIVE\eclipse-workspace\OpenCartV1.2HybridAutomationFramework\master.xml

2024-12-22 12:27:35 DEBUG TestNG:82 - suiteXmlPath: "C:\Users\SDDVIVE\eclipse-workspace\OpenCartV1.2HybridAutomationFramework\master.xml"
2024-12-22 12:27:35 INFO  Utils:112 - [TestNG] Running:
  C:\Users\SDDVIVE\eclipse-workspace\OpenCartV1.2HybridAutomationFramework\master.xml

2024-12-22 12:29:48 DEBUG TestNG:82 - suiteXmlPath: "C:\Users\SDDVIVE\eclipse-workspace\OpenCartV1.2HybridAutomationFramework\master.xml"
2024-12-22 12:29:49 INFO  Utils:112 - [TestNG] Running:
  C:\Users\SDDVIVE\eclipse-workspace\OpenCartV1.2HybridAutomationFramework\master.xml

2024-12-22 12:30:43 DEBUG TestNG:82 - suiteXmlPath: "C:\Users\SDDVIVE\eclipse-workspace\OpenCartV1.2HybridAutomationFramework\master.xml"
2024-12-22 12:30:43 INFO  Utils:112 - [TestNG] Running:
  C:\Users\SDDVIVE\eclipse-workspace\OpenCartV1.2HybridAutomationFramework\master.xml

2024-12-22 12:31:17 DEBUG TestNG:82 - suiteXmlPath: "C:\Users\SDDVIVE\eclipse-workspace\OpenCartV1.2HybridAutomationFramework\grouping.xml"
2024-12-22 12:31:18 INFO  Utils:112 - [TestNG] Running:
  C:\Users\SDDVIVE\eclipse-workspace\OpenCartV1.2HybridAutomationFramework\grouping.xml

2024-12-22 12:34:08 DEBUG TestNG:82 - suiteXmlPath: "C:\Users\SDDVIVE\eclipse-workspace\OpenCartV1.2HybridAutomationFramework\master.xml"
2024-12-22 12:34:09 INFO  Utils:112 - [TestNG] Running:
  C:\Users\SDDVIVE\eclipse-workspace\OpenCartV1.2HybridAutomationFramework\master.xml

2024-12-22 12:34:51 DEBUG TestNG:82 - suiteXmlPath: "C:\Users\SDDVIVE\eclipse-workspace\OpenCartV1.2HybridAutomationFramework\master.xml"
2024-12-22 12:34:51 INFO  Utils:112 - [TestNG] Running:
  C:\Users\SDDVIVE\eclipse-workspace\OpenCartV1.2HybridAutomationFramework\master.xml

2024-12-22 12:34:57 INFO  TC001_AccountRegTest:25 - *******Staring TC001_AccountRegTest***********
2024-12-22 12:34:58 INFO  TC001_AccountRegTest:31 - clicked on my account
2024-12-22 12:34:58 INFO  TC001_AccountRegTest:33 - clicked on register
2024-12-22 12:34:58 INFO  TC001_AccountRegTest:36 - providing customer details
2024-12-22 12:35:00 INFO  TC001_AccountRegTest:48 - validating expected msg
2024-12-22 12:35:00 INFO  TC001_AccountRegTest:61 - *******Finished TC001_AccountRegTest***********
2024-12-22 12:35:04 INFO  TC002_LoginTest:19 - ****** Startign TC_002_LoginTest *****
2024-12-22 12:35:06 INFO  TC002_LoginTest:44 - ****** Finished TC_002_LoginTest *****
2024-12-22 12:35:30 DEBUG TestNG:82 - suiteXmlPath: "C:\Users\SDDVIVE\eclipse-workspace\OpenCartV1.2HybridAutomationFramework\testsingleexecution.xml"
2024-12-22 12:35:31 INFO  Utils:112 - [TestNG] Running:
  C:\Users\SDDVIVE\eclipse-workspace\OpenCartV1.2HybridAutomationFramework\testsingleexecution.xml

2024-12-22 12:35:36 INFO  TC001_AccountRegTest:25 - *******Staring TC001_AccountRegTest***********
2024-12-22 12:35:37 INFO  TC001_AccountRegTest:31 - clicked on my account
2024-12-22 12:35:38 INFO  TC001_AccountRegTest:33 - clicked on register
2024-12-22 12:35:38 INFO  TC001_AccountRegTest:36 - providing customer details
2024-12-22 12:35:40 INFO  TC001_AccountRegTest:48 - validating expected msg
2024-12-22 12:35:40 INFO  TC001_AccountRegTest:61 - *******Finished TC001_AccountRegTest***********
2024-12-22 12:36:28 DEBUG TestNG:82 - suiteXmlPath: "C:\Users\SDDVIVE\eclipse-workspace\OpenCartV1.2HybridAutomationFramework\test.xml"
2024-12-22 12:36:28 INFO  Utils:112 - [TestNG] Running:
  C:\Users\SDDVIVE\eclipse-workspace\OpenCartV1.2HybridAutomationFramework\test.xml

2024-12-22 12:36:52 DEBUG TestNG:82 - suiteXmlPath: "C:\Users\SDDVIVE\eclipse-workspace\OpenCartV1.2HybridAutomationFramework\test.xml"
2024-12-22 12:36:52 INFO  Utils:112 - [TestNG] Running:
  C:\Users\SDDVIVE\eclipse-workspace\OpenCartV1.2HybridAutomationFramework\test.xml

2024-12-22 12:36:57 INFO  TC001_AccountRegTest:25 - *******Staring TC001_AccountRegTest***********
2024-12-22 12:36:58 INFO  TC001_AccountRegTest:31 - clicked on my account
2024-12-22 12:36:58 INFO  TC001_AccountRegTest:33 - clicked on register
2024-12-22 12:36:58 INFO  TC001_AccountRegTest:36 - providing customer details
2024-12-22 12:37:00 INFO  TC001_AccountRegTest:48 - validating expected msg
2024-12-22 12:37:00 INFO  TC001_AccountRegTest:61 - *******Finished TC001_AccountRegTest***********
2024-12-22 12:37:08 INFO  TC001_AccountRegTest:25 - *******Staring TC001_AccountRegTest***********
2024-12-22 12:37:08 INFO  TC001_AccountRegTest:31 - clicked on my account
2024-12-22 12:37:08 INFO  TC001_AccountRegTest:33 - clicked on register
2024-12-22 12:37:08 INFO  TC001_AccountRegTest:36 - providing customer details
2024-12-22 12:37:10 INFO  TC001_AccountRegTest:48 - validating expected msg
2024-12-22 12:37:10 INFO  TC001_AccountRegTest:61 - *******Finished TC001_AccountRegTest***********
2024-12-22 12:39:55 DEBUG TestNG:82 - suiteXmlPath: "C:\Users\SDDVIVE\eclipse-workspace\OpenCartV1.2HybridAutomationFramework\master.xml"
2024-12-22 12:39:55 INFO  Utils:112 - [TestNG] Running:
  C:\Users\SDDVIVE\eclipse-workspace\OpenCartV1.2HybridAutomationFramework\master.xml

2024-12-22 12:40:00 INFO  TC001_AccountRegTest:25 - *******Staring TC001_AccountRegTest***********
2024-12-22 12:40:01 INFO  TC001_AccountRegTest:31 - clicked on my account
2024-12-22 12:40:03 INFO  TC001_AccountRegTest:33 - clicked on register
2024-12-22 12:40:03 INFO  TC001_AccountRegTest:36 - providing customer details
2024-12-22 12:40:05 INFO  TC001_AccountRegTest:48 - validating expected msg
2024-12-22 12:40:05 INFO  TC001_AccountRegTest:61 - *******Finished TC001_AccountRegTest***********
2024-12-22 12:40:08 INFO  TC002_LoginTest:19 - ****** Startign TC_002_LoginTest *****
2024-12-22 12:40:11 INFO  TC002_LoginTest:44 - ****** Finished TC_002_LoginTest *****
2024-12-22 12:40:48 DEBUG TestNG:82 - suiteXmlPath: "C:\Users\SDDVIVE\eclipse-workspace\OpenCartV1.2HybridAutomationFramework\test.xml"
2024-12-22 12:40:48 INFO  Utils:112 - [TestNG] Running:
  C:\Users\SDDVIVE\eclipse-workspace\OpenCartV1.2HybridAutomationFramework\test.xml

2024-12-22 12:40:53 INFO  TC001_AccountRegTest:25 - *******Staring TC001_AccountRegTest***********
2024-12-22 12:40:54 INFO  TC001_AccountRegTest:31 - clicked on my account
2024-12-22 12:40:54 INFO  TC001_AccountRegTest:33 - clicked on register
2024-12-22 12:40:54 INFO  TC001_AccountRegTest:36 - providing customer details
2024-12-22 12:40:56 INFO  TC001_AccountRegTest:48 - validating expected msg
2024-12-22 12:40:56 INFO  TC001_AccountRegTest:61 - *******Finished TC001_AccountRegTest***********
2024-12-22 12:41:03 INFO  TC001_AccountRegTest:25 - *******Staring TC001_AccountRegTest***********
2024-12-22 12:41:03 INFO  TC001_AccountRegTest:31 - clicked on my account
2024-12-22 12:41:04 INFO  TC001_AccountRegTest:33 - clicked on register
2024-12-22 12:41:04 INFO  TC001_AccountRegTest:36 - providing customer details
2024-12-22 12:41:06 INFO  TC001_AccountRegTest:48 - validating expected msg
2024-12-22 12:41:06 INFO  TC001_AccountRegTest:61 - *******Finished TC001_AccountRegTest***********
2024-12-22 12:42:31 DEBUG TestNG:82 - suiteXmlPath: "C:\Users\SDDVIVE\eclipse-workspace\OpenCartV1.2HybridAutomationFramework\test.xml"
2024-12-22 12:42:31 INFO  Utils:112 - [TestNG] Running:
  C:\Users\SDDVIVE\eclipse-workspace\OpenCartV1.2HybridAutomationFramework\test.xml

2024-12-22 12:42:36 INFO  TC001_AccountRegTest:25 - *******Staring TC001_AccountRegTest***********
2024-12-22 12:42:38 INFO  TC001_AccountRegTest:31 - clicked on my account
2024-12-22 12:42:39 INFO  TC001_AccountRegTest:33 - clicked on register
2024-12-22 12:42:39 INFO  TC001_AccountRegTest:36 - providing customer details
2024-12-22 12:44:03 DEBUG TestNG:82 - suiteXmlPath: "C:\Users\SDDVIVE\eclipse-workspace\OpenCartV1.2HybridAutomationFramework\test.xml"
2024-12-22 12:44:03 INFO  Utils:112 - [TestNG] Running:
  C:\Users\SDDVIVE\eclipse-workspace\OpenCartV1.2HybridAutomationFramework\test.xml

2024-12-22 12:44:09 INFO  TC001_AccountRegTest:25 - *******Staring TC001_AccountRegTest***********
2024-12-22 12:44:11 INFO  TC001_AccountRegTest:31 - clicked on my account
2024-12-22 12:44:12 INFO  TC001_AccountRegTest:33 - clicked on register
2024-12-22 12:44:12 INFO  TC001_AccountRegTest:36 - providing customer details
2024-12-22 13:10:03 DEBUG TestNG:82 - suiteXmlPath: "C:\Users\SDDVIVE\eclipse-workspace\OpenCartV1.2HybridAutomationFramework\test.xml"
2024-12-22 13:10:03 INFO  Utils:112 - [TestNG] Running:
  C:\Users\SDDVIVE\eclipse-workspace\OpenCartV1.2HybridAutomationFramework\test.xml

2024-12-22 13:10:07 INFO  TC001_AccountRegTest:25 - *******Staring TC001_AccountRegTest***********
2024-12-22 13:10:07 INFO  TC001_AccountRegTest:31 - clicked on my account
2024-12-22 13:10:08 INFO  TC001_AccountRegTest:33 - clicked on register
2024-12-22 13:10:08 INFO  TC001_AccountRegTest:36 - providing customer details
2024-12-22 13:10:09 INFO  TC001_AccountRegTest:48 - validating expected msg
2024-12-22 13:10:09 INFO  TC001_AccountRegTest:61 - *******Finished TC001_AccountRegTest***********
2024-12-22 13:10:16 INFO  TC001_AccountRegTest:25 - *******Staring TC001_AccountRegTest***********
2024-12-22 13:10:16 INFO  TC001_AccountRegTest:31 - clicked on my account
2024-12-22 13:10:16 INFO  TC001_AccountRegTest:33 - clicked on register
2024-12-22 13:10:16 INFO  TC001_AccountRegTest:36 - providing customer details
2024-12-22 13:10:17 INFO  TC001_AccountRegTest:48 - validating expected msg
2024-12-22 13:10:17 INFO  TC001_AccountRegTest:61 - *******Finished TC001_AccountRegTest***********
2024-12-22 13:10:32 DEBUG TestNG:82 - suiteXmlPath: "C:\Users\SDDVIVE\eclipse-workspace\OpenCartV1.2HybridAutomationFramework\test.xml"
2024-12-22 13:10:32 INFO  Utils:112 - [TestNG] Running:
  C:\Users\SDDVIVE\eclipse-workspace\OpenCartV1.2HybridAutomationFramework\test.xml

2024-12-22 13:10:38 INFO  TC001_AccountRegTest:25 - *******Staring TC001_AccountRegTest***********
2024-12-22 13:10:40 INFO  TC001_AccountRegTest:31 - clicked on my account
2024-12-22 13:10:41 INFO  TC001_AccountRegTest:33 - clicked on register
2024-12-22 13:10:41 INFO  TC001_AccountRegTest:36 - providing customer details
2024-12-22 13:10:42 INFO  TC001_AccountRegTest:25 - *******Staring TC001_AccountRegTest***********
2024-12-22 13:10:43 INFO  TC001_AccountRegTest:31 - clicked on my account
2024-12-22 13:10:43 INFO  TC001_AccountRegTest:33 - clicked on register
2024-12-22 13:10:43 INFO  TC001_AccountRegTest:36 - providing customer details
2024-12-22 13:10:44 INFO  TC001_AccountRegTest:48 - validating expected msg
2024-12-22 13:10:44 INFO  TC001_AccountRegTest:61 - *******Finished TC001_AccountRegTest***********
2024-12-22 13:10:46 INFO  TC001_AccountRegTest:48 - validating expected msg
2024-12-22 13:10:46 INFO  TC001_AccountRegTest:61 - *******Finished TC001_AccountRegTest***********
2024-12-22 13:25:42 DEBUG TestNG:82 - suiteXmlPath: "C:\Users\SDDVIVE\eclipse-workspace\OpenCartV1.2HybridAutomationFramework\test.xml"
2024-12-22 13:25:43 INFO  Utils:112 - [TestNG] Running:
  C:\Users\SDDVIVE\eclipse-workspace\OpenCartV1.2HybridAutomationFramework\test.xml

2024-12-22 13:25:48 INFO  TC001_AccountRegTest:25 - *******Staring TC001_AccountRegTest***********
2024-12-22 13:25:49 INFO  TC001_AccountRegTest:31 - clicked on my account
2024-12-22 13:25:49 INFO  TC001_AccountRegTest:33 - clicked on register
2024-12-22 13:25:49 INFO  TC001_AccountRegTest:36 - providing customer details
2024-12-22 13:25:50 INFO  TC001_AccountRegTest:48 - validating expected msg
2024-12-22 13:25:50 INFO  TC001_AccountRegTest:61 - *******Finished TC001_AccountRegTest***********
2024-12-22 13:25:57 INFO  TC001_AccountRegTest:25 - *******Staring TC001_AccountRegTest***********
2024-12-22 13:25:57 INFO  TC001_AccountRegTest:31 - clicked on my account
2024-12-22 13:25:57 INFO  TC001_AccountRegTest:33 - clicked on register
2024-12-22 13:25:57 INFO  TC001_AccountRegTest:36 - providing customer details
2024-12-22 13:25:59 INFO  TC001_AccountRegTest:48 - validating expected msg
2024-12-22 13:25:59 INFO  TC001_AccountRegTest:61 - *******Finished TC001_AccountRegTest***********
2024-12-22 13:26:22 DEBUG TestNG:82 - suiteXmlPath: "C:\Users\SDDVIVE\eclipse-workspace\OpenCartV1.2HybridAutomationFramework\test.xml"
2024-12-22 13:26:23 INFO  Utils:112 - [TestNG] Running:
  C:\Users\SDDVIVE\eclipse-workspace\OpenCartV1.2HybridAutomationFramework\test.xml

2024-12-22 13:26:27 INFO  TC001_AccountRegTest:25 - *******Staring TC001_AccountRegTest***********
2024-12-22 13:26:29 INFO  TC001_AccountRegTest:31 - clicked on my account
2024-12-22 13:26:29 INFO  TC001_AccountRegTest:25 - *******Staring TC001_AccountRegTest***********
2024-12-22 13:26:30 INFO  TC001_AccountRegTest:31 - clicked on my account
2024-12-22 13:26:30 INFO  TC001_AccountRegTest:33 - clicked on register
2024-12-22 13:26:30 INFO  TC001_AccountRegTest:36 - providing customer details
2024-12-22 13:26:30 INFO  TC001_AccountRegTest:33 - clicked on register
2024-12-22 13:26:30 INFO  TC001_AccountRegTest:36 - providing customer details
2024-12-22 13:26:33 INFO  TC001_AccountRegTest:48 - validating expected msg
2024-12-22 13:26:33 INFO  TC001_AccountRegTest:61 - *******Finished TC001_AccountRegTest***********
2024-12-22 13:26:33 INFO  TC001_AccountRegTest:48 - validating expected msg
2024-12-22 13:26:33 INFO  TC001_AccountRegTest:61 - *******Finished TC001_AccountRegTest***********
2024-12-22 16:01:31 DEBUG TestNG:82 - suiteXmlPath: "C:\Users\SDDVIVE\eclipse-workspace\OpenCartV1.2HybridAutomationFramework\grid-docker.xml"
2024-12-22 16:01:31 INFO  Utils:112 - [TestNG] Running:
  C:\Users\SDDVIVE\eclipse-workspace\OpenCartV1.2HybridAutomationFramework\grid-docker.xml

2024-12-22 16:01:53 DEBUG TestNG:82 - suiteXmlPath: "C:\Users\SDDVIVE\eclipse-workspace\OpenCartV1.2HybridAutomationFramework\grid-docker.xml"
2024-12-22 16:01:54 INFO  Utils:112 - [TestNG] Running:
  C:\Users\SDDVIVE\eclipse-workspace\OpenCartV1.2HybridAutomationFramework\grid-docker.xml

2024-12-22 16:01:54 INFO  TC001_AccountRegTest:25 - *******Staring TC001_AccountRegTest***********
2024-12-22 16:01:54 INFO  TC002_LoginTest:19 - ****** Startign TC_002_LoginTest *****
2024-12-22 16:01:55 INFO  TC001_AccountRegTest:25 - *******Staring TC001_AccountRegTest***********
2024-12-22 16:01:55 INFO  TC002_LoginTest:19 - ****** Startign TC_002_LoginTest *****
2024-12-22 16:03:42 DEBUG TestNG:82 - suiteXmlPath: "C:\Users\SDDVIVE\eclipse-workspace\OpenCartV1.2HybridAutomationFramework\grid-docker.xml"
2024-12-22 16:03:42 INFO  Utils:112 - [TestNG] Running:
  C:\Users\SDDVIVE\eclipse-workspace\OpenCartV1.2HybridAutomationFramework\grid-docker.xml

2024-12-22 16:03:46 INFO  TC001_AccountRegTest:25 - *******Staring TC001_AccountRegTest***********
2024-12-22 16:03:46 INFO  TC001_AccountRegTest:31 - clicked on my account
2024-12-22 16:03:46 INFO  TC001_AccountRegTest:33 - clicked on register
2024-12-22 16:03:47 INFO  TC001_AccountRegTest:36 - providing customer details
2024-12-22 16:03:48 INFO  TC001_AccountRegTest:48 - validating expected msg
2024-12-22 16:03:48 INFO  TC001_AccountRegTest:61 - *******Finished TC001_AccountRegTest***********
2024-12-22 16:03:50 INFO  TC002_LoginTest:19 - ****** Startign TC_002_LoginTest *****
2024-12-22 16:03:51 INFO  TC002_LoginTest:44 - ****** Finished TC_002_LoginTest *****
2024-12-22 16:03:59 INFO  TC001_AccountRegTest:25 - *******Staring TC001_AccountRegTest***********
2024-12-22 16:03:59 INFO  TC001_AccountRegTest:31 - clicked on my account
2024-12-22 16:04:00 INFO  TC001_AccountRegTest:33 - clicked on register
2024-12-22 16:04:00 INFO  TC001_AccountRegTest:36 - providing customer details
2024-12-22 16:04:02 INFO  TC001_AccountRegTest:48 - validating expected msg
2024-12-22 16:04:02 INFO  TC001_AccountRegTest:61 - *******Finished TC001_AccountRegTest***********
2024-12-22 16:04:12 INFO  TC002_LoginTest:19 - ****** Startign TC_002_LoginTest *****
2024-12-22 16:04:14 INFO  TC002_LoginTest:44 - ****** Finished TC_002_LoginTest *****
2024-12-22 16:05:24 DEBUG TestNG:82 - suiteXmlPath: "C:\Users\SDDVIVE\eclipse-workspace\OpenCartV1.2HybridAutomationFramework\grid-docker.xml"
2024-12-22 16:05:25 INFO  Utils:112 - [TestNG] Running:
  C:\Users\SDDVIVE\eclipse-workspace\OpenCartV1.2HybridAutomationFramework\grid-docker.xml

2024-12-22 16:05:27 INFO  TC001_AccountRegTest:25 - *******Staring TC001_AccountRegTest***********
2024-12-22 16:05:27 INFO  TC001_AccountRegTest:31 - clicked on my account
2024-12-22 16:05:28 INFO  TC001_AccountRegTest:33 - clicked on register
2024-12-22 16:05:28 INFO  TC001_AccountRegTest:36 - providing customer details
2024-12-22 16:05:29 INFO  TC001_AccountRegTest:48 - validating expected msg
2024-12-22 16:05:29 INFO  TC001_AccountRegTest:61 - *******Finished TC001_AccountRegTest***********
2024-12-22 16:05:31 INFO  TC002_LoginTest:19 - ****** Startign TC_002_LoginTest *****
2024-12-22 16:05:32 INFO  TC002_LoginTest:44 - ****** Finished TC_002_LoginTest *****
2024-12-22 16:05:40 INFO  TC001_AccountRegTest:25 - *******Staring TC001_AccountRegTest***********
2024-12-22 16:05:40 INFO  TC001_AccountRegTest:31 - clicked on my account
2024-12-22 16:05:40 INFO  TC001_AccountRegTest:33 - clicked on register
2024-12-22 16:05:40 INFO  TC001_AccountRegTest:36 - providing customer details
2024-12-22 16:05:42 INFO  TC001_AccountRegTest:48 - validating expected msg
2024-12-22 16:05:42 INFO  TC001_AccountRegTest:61 - *******Finished TC001_AccountRegTest***********
2024-12-22 16:05:48 INFO  TC002_LoginTest:19 - ****** Startign TC_002_LoginTest *****
2024-12-22 16:05:50 INFO  TC002_LoginTest:44 - ****** Finished TC_002_LoginTest *****
2024-12-22 16:28:44 DEBUG TestNG:82 - suiteXmlPath: "C:\Users\SDDVIVE\eclipse-workspace\OpenCartV1.2HybridAutomationFramework\master.xml"
2024-12-22 16:30:41 DEBUG TestNG:82 - suiteXmlPath: "C:\Users\SDDVIVE\eclipse-workspace\OpenCartV1.2HybridAutomationFramework\grid-docker.xml"
2024-12-22 16:30:49 INFO  TC001_AccountRegTest:25 - *******Staring TC001_AccountRegTest***********
2024-12-22 16:30:49 INFO  TC001_AccountRegTest:31 - clicked on my account
2024-12-22 16:30:50 INFO  TC001_AccountRegTest:33 - clicked on register
2024-12-22 16:30:50 INFO  TC001_AccountRegTest:36 - providing customer details
2024-12-22 16:30:53 INFO  TC001_AccountRegTest:48 - validating expected msg
2024-12-22 16:30:53 INFO  TC001_AccountRegTest:61 - *******Finished TC001_AccountRegTest***********
2024-12-22 16:30:55 INFO  TC002_LoginTest:19 - ****** Startign TC_002_LoginTest *****
2024-12-22 16:30:57 INFO  TC002_LoginTest:44 - ****** Finished TC_002_LoginTest *****
2024-12-22 16:31:09 INFO  TC001_AccountRegTest:25 - *******Staring TC001_AccountRegTest***********
2024-12-22 16:31:10 INFO  TC001_AccountRegTest:31 - clicked on my account
2024-12-22 16:31:10 INFO  TC001_AccountRegTest:33 - clicked on register
2024-12-22 16:31:10 INFO  TC001_AccountRegTest:36 - providing customer details
2024-12-22 16:31:12 INFO  TC001_AccountRegTest:48 - validating expected msg
2024-12-22 16:31:12 INFO  TC001_AccountRegTest:61 - *******Finished TC001_AccountRegTest***********
2024-12-22 16:31:19 INFO  TC002_LoginTest:19 - ****** Startign TC_002_LoginTest *****
2024-12-22 16:31:21 INFO  TC002_LoginTest:44 - ****** Finished TC_002_LoginTest *****
2024-12-22 16:41:29 DEBUG TestNG:82 - suiteXmlPath: "C:\Users\SDDVIVE\eclipse-workspace\OpenCartV1.2HybridAutomationFramework\grid-docker.xml"
2024-12-22 16:41:40 INFO  TC001_AccountRegTest:25 - *******Staring TC001_AccountRegTest***********
2024-12-22 16:41:40 INFO  TC001_AccountRegTest:31 - clicked on my account
2024-12-22 16:41:41 INFO  TC001_AccountRegTest:33 - clicked on register
2024-12-22 16:41:41 INFO  TC001_AccountRegTest:36 - providing customer details
2024-12-22 16:41:43 INFO  TC001_AccountRegTest:48 - validating expected msg
2024-12-22 16:41:43 INFO  TC001_AccountRegTest:61 - *******Finished TC001_AccountRegTest***********
2024-12-22 16:41:47 INFO  TC002_LoginTest:19 - ****** Startign TC_002_LoginTest *****
2024-12-22 16:41:49 INFO  TC002_LoginTest:44 - ****** Finished TC_002_LoginTest *****
2024-12-22 16:42:01 INFO  TC001_AccountRegTest:25 - *******Staring TC001_AccountRegTest***********
2024-12-22 16:42:02 INFO  TC001_AccountRegTest:31 - clicked on my account
2024-12-22 16:42:02 INFO  TC001_AccountRegTest:33 - clicked on register
2024-12-22 16:42:02 INFO  TC001_AccountRegTest:36 - providing customer details
2024-12-22 16:42:04 INFO  TC001_AccountRegTest:48 - validating expected msg
2024-12-22 16:42:04 INFO  TC001_AccountRegTest:61 - *******Finished TC001_AccountRegTest***********
2024-12-22 16:42:12 INFO  TC002_LoginTest:19 - ****** Startign TC_002_LoginTest *****
2024-12-22 16:42:14 INFO  TC002_LoginTest:44 - ****** Finished TC_002_LoginTest *****
2024-12-22 16:45:58 DEBUG TestNG:82 - suiteXmlPath: "C:\Users\SDDVIVE\eclipse-workspace\OpenCartV1.2HybridAutomationFramework\grid-docker.xml"
2024-12-22 16:46:05 INFO  TC001_AccountRegTest:25 - *******Staring TC001_AccountRegTest***********
2024-12-22 16:46:05 INFO  TC001_AccountRegTest:31 - clicked on my account
2024-12-22 16:46:05 INFO  TC001_AccountRegTest:33 - clicked on register
2024-12-22 16:46:05 INFO  TC001_AccountRegTest:36 - providing customer details
2024-12-22 16:46:07 INFO  TC001_AccountRegTest:48 - validating expected msg
2024-12-22 16:46:07 INFO  TC001_AccountRegTest:61 - *******Finished TC001_AccountRegTest***********
2024-12-22 16:46:10 INFO  TC002_LoginTest:19 - ****** Startign TC_002_LoginTest *****
2024-12-22 16:46:12 INFO  TC002_LoginTest:44 - ****** Finished TC_002_LoginTest *****
2024-12-22 16:46:22 INFO  TC001_AccountRegTest:25 - *******Staring TC001_AccountRegTest***********
2024-12-22 16:46:22 INFO  TC001_AccountRegTest:31 - clicked on my account
2024-12-22 16:46:23 INFO  TC001_AccountRegTest:33 - clicked on register
2024-12-22 16:46:23 INFO  TC001_AccountRegTest:36 - providing customer details
2024-12-22 16:46:26 INFO  TC001_AccountRegTest:48 - validating expected msg
2024-12-22 16:46:26 INFO  TC001_AccountRegTest:61 - *******Finished TC001_AccountRegTest***********
2024-12-22 16:46:34 INFO  TC002_LoginTest:19 - ****** Startign TC_002_LoginTest *****
2024-12-22 16:46:35 INFO  TC002_LoginTest:44 - ****** Finished TC_002_LoginTest *****
